# JRE version: OpenJDK Runtime Environment (17.0.10) (build 17.0.10+0--11609105)
# Java VM: OpenJDK 64-Bit Server VM (17.0.10+0--11609105, mixed mode, tiered, compressed oops, compressed class ptrs, g1 gc, windows-amd64)
GC Precious Log:
 CPUs: 4 total, 4 available
 Memory: 6086M
 Large Page Support: Disabled
 NUMA Support: Disabled
 Compressed Oops: Enabled (32-bit)
 Heap Region Size: 1M
 Heap Min Capacity: 8M
 Heap Initial Capacity: 96M
 Heap Max Capacity: 2G
 Pre-touch: Disabled
 Parallel Workers: 4
 Concurrent Workers: 1
 Concurrent Refinement Workers: 4
 Periodic GC: Disabled
Heap:
 garbage-first heap   total 398336K, used 195101K [0x0000000080000000, 0x0000000100000000)
  region size 1024K, 5 young (5120K), 5 survivors (5120K)
 Metaspace       used 157944K, committed 158976K, reserved 1245184K
  class space    used 21035K, committed 21568K, reserved 1048576K
GC Heap History (20 events):
Event: 117.994 GC heap after
{Heap after GC invocations=52 (full 0):
 garbage-first heap   total 317440K, used 163120K [0x0000000080000000, 0x0000000100000000)
  region size 1024K, 5 young (5120K), 5 survivors (5120K)
 Metaspace       used 135959K, committed 136896K, reserved 1179648K
  class space    used 18542K, committed 19008K, reserved 1048576K
}
Event: 122.213 GC heap before
{Heap before GC invocations=52 (full 0):
 garbage-first heap   total 317440K, used 247088K [0x0000000080000000, 0x0000000100000000)
  region size 1024K, 88 young (90112K), 5 survivors (5120K)
 Metaspace       used 138836K, committed 139776K, reserved 1179648K
  class space    used 18831K, committed 19264K, reserved 1048576K
}
Event: 122.232 GC heap after
{Heap after GC invocations=53 (full 0):
 garbage-first heap   total 317440K, used 161754K [0x0000000080000000, 0x0000000100000000)
  region size 1024K, 3 young (3072K), 3 survivors (3072K)
 Metaspace       used 138836K, committed 139776K, reserved 1179648K
  class space    used 18831K, committed 19264K, reserved 1048576K
}
Event: 124.446 GC heap before
{Heap before GC invocations=53 (full 0):
 garbage-first heap   total 317440K, used 227290K [0x0000000080000000, 0x0000000100000000)
  region size 1024K, 51 young (52224K), 3 survivors (3072K)
 Metaspace       used 142476K, committed 143424K, reserved 1179648K
  class space    used 19350K, committed 19840K, reserved 1048576K
}
Event: 124.466 GC heap after
{Heap after GC invocations=54 (full 0):
 garbage-first heap   total 317440K, used 175043K [0x0000000080000000, 0x0000000100000000)
  region size 1024K, 6 young (6144K), 6 survivors (6144K)
 Metaspace       used 142476K, committed 143424K, reserved 1179648K
  class space    used 19350K, committed 19840K, reserved 1048576K
}
Event: 124.479 GC heap before
{Heap before GC invocations=54 (full 0):
 garbage-first heap   total 317440K, used 187331K [0x0000000080000000, 0x0000000100000000)
  region size 1024K, 7 young (7168K), 6 survivors (6144K)
 Metaspace       used 142476K, committed 143424K, reserved 1179648K
  class space    used 19350K, committed 19840K, reserved 1048576K
}
Event: 124.492 GC heap after
{Heap after GC invocations=55 (full 0):
 garbage-first heap   total 317440K, used 175104K [0x0000000080000000, 0x0000000100000000)
  region size 1024K, 6 young (6144K), 6 survivors (6144K)
 Metaspace       used 142476K, committed 143424K, reserved 1179648K
  class space    used 19350K, committed 19840K, reserved 1048576K
}
Event: 709.826 GC heap before
{Heap before GC invocations=55 (full 0):
 garbage-first heap   total 317440K, used 269312K [0x0000000080000000, 0x0000000100000000)
  region size 1024K, 93 young (95232K), 6 survivors (6144K)
 Metaspace       used 144065K, committed 145088K, reserved 1179648K
  class space    used 19533K, committed 20032K, reserved 1048576K
}
Event: 710.019 GC heap after
{Heap after GC invocations=56 (full 0):
 garbage-first heap   total 317440K, used 171156K [0x0000000080000000, 0x0000000100000000)
  region size 1024K, 12 young (12288K), 12 survivors (12288K)
 Metaspace       used 144065K, committed 145088K, reserved 1179648K
  class space    used 19533K, committed 20032K, reserved 1048576K
}
Event: 737.053 GC heap before
{Heap before GC invocations=56 (full 0):
 garbage-first heap   total 317440K, used 265364K [0x0000000080000000, 0x0000000100000000)
  region size 1024K, 101 young (103424K), 12 survivors (12288K)
 Metaspace       used 144487K, committed 145536K, reserved 1179648K
  class space    used 19547K, committed 20032K, reserved 1048576K
}
Event: 737.175 GC heap after
{Heap after GC invocations=57 (full 0):
 garbage-first heap   total 317440K, used 180091K [0x0000000080000000, 0x0000000100000000)
  region size 1024K, 13 young (13312K), 13 survivors (13312K)
 Metaspace       used 144487K, committed 145536K, reserved 1179648K
  class space    used 19547K, committed 20032K, reserved 1048576K
}
Event: 740.024 GC heap before
{Heap before GC invocations=57 (full 0):
 garbage-first heap   total 317440K, used 274299K [0x0000000080000000, 0x0000000100000000)
  region size 1024K, 94 young (96256K), 13 survivors (13312K)
 Metaspace       used 144899K, committed 145984K, reserved 1179648K
  class space    used 19575K, committed 20096K, reserved 1048576K
}
Event: 740.133 GC heap after
{Heap after GC invocations=58 (full 0):
 garbage-first heap   total 317440K, used 212991K [0x0000000080000000, 0x0000000100000000)
  region size 1024K, 12 young (12288K), 12 survivors (12288K)
 Metaspace       used 144899K, committed 145984K, reserved 1179648K
  class space    used 19575K, committed 20096K, reserved 1048576K
}
Event: 741.873 GC heap before
{Heap before GC invocations=58 (full 0):
 garbage-first heap   total 317440K, used 269311K [0x0000000080000000, 0x0000000100000000)
  region size 1024K, 61 young (62464K), 12 survivors (12288K)
 Metaspace       used 148677K, committed 149760K, reserved 1179648K
  class space    used 19896K, committed 20416K, reserved 1048576K
}
Event: 741.919 GC heap after
{Heap after GC invocations=59 (full 0):
 garbage-first heap   total 317440K, used 226815K [0x0000000080000000, 0x0000000100000000)
  region size 1024K, 8 young (8192K), 8 survivors (8192K)
 Metaspace       used 148677K, committed 149760K, reserved 1179648K
  class space    used 19896K, committed 20416K, reserved 1048576K
}
Event: 744.030 GC heap before
{Heap before GC invocations=60 (full 0):
 garbage-first heap   total 398336K, used 246271K [0x0000000080000000, 0x0000000100000000)
  region size 1024K, 40 young (40960K), 8 survivors (8192K)
 Metaspace       used 154609K, committed 155648K, reserved 1245184K
  class space    used 20641K, committed 21120K, reserved 1048576K
}
Event: 744.058 GC heap after
{Heap after GC invocations=61 (full 0):
 garbage-first heap   total 398336K, used 218968K [0x0000000080000000, 0x0000000100000000)
  region size 1024K, 4 young (4096K), 4 survivors (4096K)
 Metaspace       used 154609K, committed 155648K, reserved 1245184K
  class space    used 20641K, committed 21120K, reserved 1048576K
}
Event: 744.957 GC heap before
{Heap before GC invocations=61 (full 0):
 garbage-first heap   total 398336K, used 234328K [0x0000000080000000, 0x0000000100000000)
  region size 1024K, 19 young (19456K), 4 survivors (4096K)
 Metaspace       used 156774K, committed 157824K, reserved 1245184K
  class space    used 20935K, committed 21440K, reserved 1048576K
}
Event: 745.028 GC heap after
{Heap after GC invocations=62 (full 0):
 garbage-first heap   total 398336K, used 196156K [0x0000000080000000, 0x0000000100000000)
  region size 1024K, 2 young (2048K), 2 survivors (2048K)
 Metaspace       used 156774K, committed 157824K, reserved 1245184K
  class space    used 20935K, committed 21440K, reserved 1048576K
}
Event: 791.097 GC heap before
{Heap before GC invocations=62 (full 0):
 garbage-first heap   total 398336K, used 284220K [0x0000000080000000, 0x0000000100000000)
  region size 1024K, 89 young (91136K), 2 survivors (2048K)
 Metaspace       used 157944K, committed 158976K, reserved 1245184K
  class space    used 21035K, committed 21568K, reserved 1048576K
}

