# JRE version: OpenJDK Runtime Environment (17.0.10) (build 17.0.10+0--11609105)
# Java VM: OpenJDK 64-Bit Server VM (17.0.10+0--11609105, mixed mode, tiered, compressed oops, compressed class ptrs, g1 gc, windows-amd64)
GC Precious Log:
 CPUs: 4 total, 4 available
 Memory: 6086M
 Large Page Support: Disabled
 NUMA Support: Disabled
 Compressed Oops: Enabled (32-bit)
 Heap Region Size: 1M
 Heap Min Capacity: 8M
 Heap Initial Capacity: 96M
 Heap Max Capacity: 2G
 Pre-touch: Disabled
 Parallel Workers: 4
 Concurrent Workers: 1
 Concurrent Refinement Workers: 4
 Periodic GC: Disabled
Heap:
 garbage-first heap   total 294912K, used 226754K [0x0000000080000000, 0x0000000100000000)
  region size 1024K, 102 young (104448K), 15 survivors (15360K)
 Metaspace       used 105616K, committed 106432K, reserved 1179648K
  class space    used 14612K, committed 14976K, reserved 1048576K
GC Heap History (20 events):
Event: 16.330 GC heap before
{Heap before GC invocations=35 (full 0):
 garbage-first heap   total 147456K, used 76960K [0x0000000080000000, 0x0000000100000000)
  region size 1024K, 7 young (7168K), 5 survivors (5120K)
 Metaspace       used 62982K, committed 63680K, reserved 1114112K
  class space    used 8609K, committed 8960K, reserved 1048576K
}
Event: 16.339 GC heap after
{Heap after GC invocations=36 (full 0):
 garbage-first heap   total 147456K, used 75125K [0x0000000080000000, 0x0000000100000000)
  region size 1024K, 1 young (1024K), 1 survivors (1024K)
 Metaspace       used 62982K, committed 63680K, reserved 1114112K
  class space    used 8609K, committed 8960K, reserved 1048576K
}
Event: 18.387 GC heap before
{Heap before GC invocations=36 (full 0):
 garbage-first heap   total 147456K, used 110965K [0x0000000080000000, 0x0000000100000000)
  region size 1024K, 37 young (37888K), 1 survivors (1024K)
 Metaspace       used 68390K, committed 69056K, reserved 1114112K
  class space    used 9286K, committed 9600K, reserved 1048576K
}
Event: 18.401 GC heap after
{Heap after GC invocations=37 (full 0):
 garbage-first heap   total 147456K, used 79801K [0x0000000080000000, 0x0000000100000000)
  region size 1024K, 5 young (5120K), 5 survivors (5120K)
 Metaspace       used 68390K, committed 69056K, reserved 1114112K
  class space    used 9286K, committed 9600K, reserved 1048576K
}
Event: 19.075 GC heap before
{Heap before GC invocations=38 (full 0):
 garbage-first heap   total 147456K, used 112569K [0x0000000080000000, 0x0000000100000000)
  region size 1024K, 38 young (38912K), 5 survivors (5120K)
 Metaspace       used 68710K, committed 69376K, reserved 1114112K
  class space    used 9293K, committed 9600K, reserved 1048576K
}
Event: 19.089 GC heap after
{Heap after GC invocations=39 (full 0):
 garbage-first heap   total 147456K, used 83255K [0x0000000080000000, 0x0000000100000000)
  region size 1024K, 4 young (4096K), 4 survivors (4096K)
 Metaspace       used 68710K, committed 69376K, reserved 1114112K
  class space    used 9293K, committed 9600K, reserved 1048576K
}
Event: 19.124 GC heap before
{Heap before GC invocations=39 (full 0):
 garbage-first heap   total 147456K, used 86327K [0x0000000080000000, 0x0000000100000000)
  region size 1024K, 7 young (7168K), 4 survivors (4096K)
 Metaspace       used 68717K, committed 69440K, reserved 1114112K
  class space    used 9293K, committed 9600K, reserved 1048576K
}
Event: 19.132 GC heap after
{Heap after GC invocations=40 (full 0):
 garbage-first heap   total 147456K, used 83128K [0x0000000080000000, 0x0000000100000000)
  region size 1024K, 1 young (1024K), 1 survivors (1024K)
 Metaspace       used 68717K, committed 69440K, reserved 1114112K
  class space    used 9293K, committed 9600K, reserved 1048576K
}
Event: 20.108 GC heap before
{Heap before GC invocations=40 (full 0):
 garbage-first heap   total 147456K, used 115896K [0x0000000080000000, 0x0000000100000000)
  region size 1024K, 33 young (33792K), 1 survivors (1024K)
 Metaspace       used 73582K, committed 74240K, reserved 1114112K
  class space    used 10379K, committed 10688K, reserved 1048576K
}
Event: 20.118 GC heap after
{Heap after GC invocations=41 (full 0):
 garbage-first heap   total 147456K, used 84554K [0x0000000080000000, 0x0000000100000000)
  region size 1024K, 3 young (3072K), 3 survivors (3072K)
 Metaspace       used 73582K, committed 74240K, reserved 1114112K
  class space    used 10379K, committed 10688K, reserved 1048576K
}
Event: 21.007 GC heap before
{Heap before GC invocations=42 (full 0):
 garbage-first heap   total 147456K, used 132682K [0x0000000080000000, 0x0000000100000000)
  region size 1024K, 35 young (35840K), 3 survivors (3072K)
 Metaspace       used 75355K, committed 76032K, reserved 1114112K
  class space    used 10635K, committed 10944K, reserved 1048576K
}
Event: 21.017 GC heap after
{Heap after GC invocations=43 (full 0):
 garbage-first heap   total 147456K, used 105970K [0x0000000080000000, 0x0000000100000000)
  region size 1024K, 5 young (5120K), 5 survivors (5120K)
 Metaspace       used 75355K, committed 76032K, reserved 1114112K
  class space    used 10635K, committed 10944K, reserved 1048576K
}
Event: 21.051 GC heap before
{Heap before GC invocations=43 (full 0):
 garbage-first heap   total 147456K, used 106994K [0x0000000080000000, 0x0000000100000000)
  region size 1024K, 7 young (7168K), 5 survivors (5120K)
 Metaspace       used 75461K, committed 76160K, reserved 1114112K
  class space    used 10653K, committed 10944K, reserved 1048576K
}
Event: 21.058 GC heap after
{Heap after GC invocations=44 (full 0):
 garbage-first heap   total 294912K, used 105786K [0x0000000080000000, 0x0000000100000000)
  region size 1024K, 1 young (1024K), 1 survivors (1024K)
 Metaspace       used 75461K, committed 76160K, reserved 1114112K
  class space    used 10653K, committed 10944K, reserved 1048576K
}
Event: 23.531 GC heap before
{Heap before GC invocations=44 (full 0):
 garbage-first heap   total 294912K, used 219450K [0x0000000080000000, 0x0000000100000000)
  region size 1024K, 107 young (109568K), 1 survivors (1024K)
 Metaspace       used 83911K, committed 84672K, reserved 1179648K
  class space    used 11771K, committed 12160K, reserved 1048576K
}
Event: 23.552 GC heap after
{Heap after GC invocations=45 (full 0):
 garbage-first heap   total 294912K, used 112710K [0x0000000080000000, 0x0000000100000000)
  region size 1024K, 7 young (7168K), 7 survivors (7168K)
 Metaspace       used 83911K, committed 84672K, reserved 1179648K
  class space    used 11771K, committed 12160K, reserved 1048576K
}
Event: 26.766 GC heap before
{Heap before GC invocations=45 (full 0):
 garbage-first heap   total 294912K, used 238662K [0x0000000080000000, 0x0000000100000000)
  region size 1024K, 127 young (130048K), 7 survivors (7168K)
 Metaspace       used 94491K, committed 95296K, reserved 1179648K
  class space    used 13223K, committed 13632K, reserved 1048576K
}
Event: 26.791 GC heap after
{Heap after GC invocations=46 (full 0):
 garbage-first heap   total 294912K, used 123312K [0x0000000080000000, 0x0000000100000000)
  region size 1024K, 13 young (13312K), 13 survivors (13312K)
 Metaspace       used 94491K, committed 95296K, reserved 1179648K
  class space    used 13223K, committed 13632K, reserved 1048576K
}
Event: 29.359 GC heap before
{Heap before GC invocations=46 (full 0):
 garbage-first heap   total 294912K, used 244144K [0x0000000080000000, 0x0000000100000000)
  region size 1024K, 124 young (126976K), 13 survivors (13312K)
 Metaspace       used 105262K, committed 106112K, reserved 1179648K
  class space    used 14586K, committed 14976K, reserved 1048576K
}
Event: 29.398 GC heap after
{Heap after GC invocations=47 (full 0):
 garbage-first heap   total 294912K, used 138690K [0x0000000080000000, 0x0000000100000000)
  region size 1024K, 15 young (15360K), 15 survivors (15360K)
 Metaspace       used 105262K, committed 106112K, reserved 1179648K
  class space    used 14586K, committed 14976K, reserved 1048576K
}

